<?xml version="1.0" encoding="UTF-8"?>
<testsuite name="Scenario: creation successful with correct username and password" tests="4" skipped="3" failures="0" errors="0" timestamp="2017-04-02T17:37:00" hostname="dhcp-asv-125" time="0.005">
  <properties/>
  <testcase name="Given command new user is selected" classname="Scenario: creation successful with correct username and password" time="0.0">
    <skipped/>
  </testcase>
  <testcase name="When username &quot;qwerty&quot; and password &quot;aaaaaaa1&quot; are entered" classname="Scenario: creation successful with correct username and password" time="0.0">
    <skipped/>
  </testcase>
  <testcase name="Then system will respond with &quot;new user registered&quot;" classname="Scenario: creation successful with correct username and password" time="0.0">
    <skipped/>
  </testcase>
  <testcase name="classMethod" classname="Scenario: creation successful with correct username and password" time="0.006"/>
  <system-out><![CDATA[]]></system-out>
  <system-err><![CDATA[]]></system-err>
</testsuite>
