<?xml version="1.0" encoding="UTF-8"?>
<testsuite name="Scenario: can not login with account that is not successfully created" tests="5" skipped="4" failures="0" errors="0" timestamp="2017-04-02T17:37:00" hostname="dhcp-asv-125" time="0.003">
  <properties/>
  <testcase name="Given user &quot;aa&quot; with password &quot;aa&quot; is created" classname="Scenario: can not login with account that is not successfully created" time="0.0">
    <skipped/>
  </testcase>
  <testcase name="And command login is selected" classname="Scenario: can not login with account that is not successfully created" time="0.001">
    <skipped/>
  </testcase>
  <testcase name="When username &quot;aa&quot; and password &quot;aa&quot; are entered" classname="Scenario: can not login with account that is not successfully created" time="0.0">
    <skipped/>
  </testcase>
  <testcase name="Then system will respond with &quot;wrong username or password&quot;" classname="Scenario: can not login with account that is not successfully created" time="0.0">
    <skipped/>
  </testcase>
  <testcase name="classMethod" classname="Scenario: can not login with account that is not successfully created" time="0.004"/>
  <system-out><![CDATA[
  Scenario: can login with successfully generated account     ?[90m# ohtu/new_user.feature:28?[0m
    ?[33mGiven ?[0m?[33muser "eero" with password "salainen1" is created?[0m
    ?[36mAnd ?[0m?[36mcommand login is selected?[0m                             ?[90m# Stepdefs.command_login_selected()?[0m
    ?[36mWhen ?[0m?[36musername "?[0m?[36m?[1meero?[0m?[36m" and password "?[0m?[36m?[1msalainen1?[0m?[36m" are entered?[0m ?[90m# Stepdefs.a_username_and_password_are_entered(String,String)?[0m
    ?[33mThen ?[0m?[33mSystem will respond with "logged in"?[0m
]]></system-out>
  <system-err><![CDATA[]]></system-err>
</testsuite>
